2024-03-29T15:31:50.257+05:30  INFO 24980 --- [kafkaconsumer] [main] c.k.k.KafkaconsumerApplication           : Starting KafkaconsumerApplication v0.0.1-SNAPSHOT using Java 19.0.2 with PID 24980 (C:\Users\chinm\Downloads\kafkaconsumer\kafkaconsumer\build\libs\kafkaconsumer-0.0.1-SNAPSHOT.jar started by chinm in C:\Users\chinm\Downloads\kafkaconsumer\kafkaconsumer)
2024-03-29T15:31:50.268+05:30  INFO 24980 --- [kafkaconsumer] [main] c.k.k.KafkaconsumerApplication           : The following 1 profile is active: "kafka"
2024-03-29T15:31:51.826+05:30  INFO 24980 --- [kafkaconsumer] [main] o.s.b.w.embedded.tomcat.TomcatWebServer  : Tomcat initialized with port 9999 (http)
2024-03-29T15:31:51.845+05:30  INFO 24980 --- [kafkaconsumer] [main] o.apache.catalina.core.StandardService   : Starting service [Tomcat]
2024-03-29T15:31:51.847+05:30  INFO 24980 --- [kafkaconsumer] [main] o.apache.catalina.core.StandardEngine    : Starting Servlet engine: [Apache Tomcat/10.1.19]
2024-03-29T15:31:51.948+05:30  INFO 24980 --- [kafkaconsumer] [main] o.a.c.c.C.[Tomcat].[localhost].[/]       : Initializing Spring embedded WebApplicationContext
2024-03-29T15:31:51.949+05:30  INFO 24980 --- [kafkaconsumer] [main] w.s.c.ServletWebServerApplicationContext : Root WebApplicationContext: initialization completed in 1535 ms
2024-03-29T15:31:52.802+05:30  INFO 24980 --- [kafkaconsumer] [main] o.s.b.w.embedded.tomcat.TomcatWebServer  : Tomcat started on port 9999 (http) with context path ''
2024-03-29T15:31:52.825+05:30  INFO 24980 --- [kafkaconsumer] [main] c.k.k.KafkaconsumerApplication           : Started KafkaconsumerApplication in 3.242 seconds (process running for 3.883)
2024-03-29T15:31:57.409+05:30  INFO 24980 --- [kafkaconsumer] [http-nio-9999-exec-3] o.a.c.c.C.[Tomcat].[localhost].[/]       : Initializing Spring DispatcherServlet 'dispatcherServlet'
2024-03-29T15:31:57.410+05:30  INFO 24980 --- [kafkaconsumer] [http-nio-9999-exec-3] o.s.web.servlet.DispatcherServlet        : Initializing Servlet 'dispatcherServlet'
2024-03-29T15:31:57.412+05:30  INFO 24980 --- [kafkaconsumer] [http-nio-9999-exec-3] o.s.web.servlet.DispatcherServlet        : Completed initialization in 1 ms
2024-03-29T15:31:57.524+05:30  INFO 24980 --- [kafkaconsumer] [http-nio-9999-exec-3] o.a.k.clients.consumer.ConsumerConfig    : ConsumerConfig values: 
	allow.auto.create.topics = true
	auto.commit.interval.ms = 5000
	auto.include.jmx.reporter = true
	auto.offset.reset = latest
	bootstrap.servers = [localhost:9092]
	check.crcs = true
	client.dns.lookup = use_all_dns_ips
	client.id = consumer-dynamic-consumer-1
	client.rack = 
	connections.max.idle.ms = 540000
	default.api.timeout.ms = 60000
	enable.auto.commit = true
	exclude.internal.topics = true
	fetch.max.bytes = 52428800
	fetch.max.wait.ms = 500
	fetch.min.bytes = 1
	group.id = dynamic-consumer
	group.instance.id = null
	heartbeat.interval.ms = 3000
	interceptor.classes = []
	internal.leave.group.on.close = true
	internal.throw.on.fetch.stable.offset.unsupported = false
	isolation.level = read_uncommitted
	key.deserializer = class org.apache.kafka.common.serialization.StringDeserializer
	max.partition.fetch.bytes = 1048576
	max.poll.interval.ms = 300000
	max.poll.records = 500
	metadata.max.age.ms = 300000
	metric.reporters = []
	metrics.num.samples = 2
	metrics.recording.level = INFO
	metrics.sample.window.ms = 30000
	partition.assignment.strategy = [class org.apache.kafka.clients.consumer.RangeAssignor, class org.apache.kafka.clients.consumer.CooperativeStickyAssignor]
	receive.buffer.bytes = 65536
	reconnect.backoff.max.ms = 1000
	reconnect.backoff.ms = 50
	request.timeout.ms = 30000
	retry.backoff.ms = 100
	sasl.client.callback.handler.class = null
	sasl.jaas.config = null
	sasl.kerberos.kinit.cmd = /usr/bin/kinit
	sasl.kerberos.min.time.before.relogin = 60000
	sasl.kerberos.service.name = null
	sasl.kerberos.ticket.renew.jitter = 0.05
	sasl.kerberos.ticket.renew.window.factor = 0.8
	sasl.login.callback.handler.class = null
	sasl.login.class = null
	sasl.login.connect.timeout.ms = null
	sasl.login.read.timeout.ms = null
	sasl.login.refresh.buffer.seconds = 300
	sasl.login.refresh.min.period.seconds = 60
	sasl.login.refresh.window.factor = 0.8
	sasl.login.refresh.window.jitter = 0.05
	sasl.login.retry.backoff.max.ms = 10000
	sasl.login.retry.backoff.ms = 100
	sasl.mechanism = GSSAPI
	sasl.oauthbearer.clock.skew.seconds = 30
	sasl.oauthbearer.expected.audience = null
	sasl.oauthbearer.expected.issuer = null
	sasl.oauthbearer.jwks.endpoint.refresh.ms = 3600000
	sasl.oauthbearer.jwks.endpoint.retry.backoff.max.ms = 10000
	sasl.oauthbearer.jwks.endpoint.retry.backoff.ms = 100
	sasl.oauthbearer.jwks.endpoint.url = null
	sasl.oauthbearer.scope.claim.name = scope
	sasl.oauthbearer.sub.claim.name = sub
	sasl.oauthbearer.token.endpoint.url = null
	security.protocol = PLAINTEXT
	security.providers = null
	send.buffer.bytes = 131072
	session.timeout.ms = 45000
	socket.connection.setup.timeout.max.ms = 30000
	socket.connection.setup.timeout.ms = 10000
	ssl.cipher.suites = null
	ssl.enabled.protocols = [TLSv1.2, TLSv1.3]
	ssl.endpoint.identification.algorithm = https
	ssl.engine.factory.class = null
	ssl.key.password = null
	ssl.keymanager.algorithm = SunX509
	ssl.keystore.certificate.chain = null
	ssl.keystore.key = null
	ssl.keystore.location = null
	ssl.keystore.password = null
	ssl.keystore.type = JKS
	ssl.protocol = TLSv1.3
	ssl.provider = null
	ssl.secure.random.implementation = null
	ssl.trustmanager.algorithm = PKIX
	ssl.truststore.certificates = null
	ssl.truststore.location = null
	ssl.truststore.password = null
	ssl.truststore.type = JKS
	value.deserializer = class org.apache.kafka.common.serialization.StringDeserializer

2024-03-29T15:31:57.744+05:30  INFO 24980 --- [kafkaconsumer] [http-nio-9999-exec-3] o.a.kafka.common.utils.AppInfoParser     : Kafka version: 3.6.1
2024-03-29T15:31:57.745+05:30  INFO 24980 --- [kafkaconsumer] [http-nio-9999-exec-3] o.a.kafka.common.utils.AppInfoParser     : Kafka commitId: 5e3c2b738d253ff5
2024-03-29T15:31:57.746+05:30  INFO 24980 --- [kafkaconsumer] [http-nio-9999-exec-3] o.a.kafka.common.utils.AppInfoParser     : Kafka startTimeMs: 1711706517743
2024-03-29T15:31:57.749+05:30  INFO 24980 --- [kafkaconsumer] [http-nio-9999-exec-3] o.a.k.clients.consumer.KafkaConsumer     : [Consumer clientId=consumer-dynamic-consumer-1, groupId=dynamic-consumer] Subscribed to topic(s): abc
2024-03-29T15:31:57.749+05:30  INFO 24980 --- [kafkaconsumer] [http-nio-9999-exec-3] c.k.k.Service.KafkaConsumerService       : Kafka consumer started for topic: abc
2024-03-29T15:31:58.240+05:30  INFO 24980 --- [kafkaconsumer] [Thread-1] org.apache.kafka.clients.Metadata        : [Consumer clientId=consumer-dynamic-consumer-1, groupId=dynamic-consumer] Cluster ID: YeWbC3sNTgufM5uKirf0OA
2024-03-29T15:31:58.254+05:30  INFO 24980 --- [kafkaconsumer] [Thread-1] o.a.k.c.c.internals.ConsumerCoordinator  : [Consumer clientId=consumer-dynamic-consumer-1, groupId=dynamic-consumer] Discovered group coordinator CHINMAY09:9092 (id: 2147483647 rack: null)
2024-03-29T15:31:58.267+05:30  INFO 24980 --- [kafkaconsumer] [Thread-1] o.a.k.c.c.internals.ConsumerCoordinator  : [Consumer clientId=consumer-dynamic-consumer-1, groupId=dynamic-consumer] (Re-)joining group
2024-03-29T15:31:58.345+05:30  INFO 24980 --- [kafkaconsumer] [Thread-1] o.a.k.c.c.internals.ConsumerCoordinator  : [Consumer clientId=consumer-dynamic-consumer-1, groupId=dynamic-consumer] Request joining group due to: need to re-join with the given member-id: consumer-dynamic-consumer-1-e24debb7-d345-406a-b634-c9a020cd1219
2024-03-29T15:31:58.346+05:30  INFO 24980 --- [kafkaconsumer] [Thread-1] o.a.k.c.c.internals.ConsumerCoordinator  : [Consumer clientId=consumer-dynamic-consumer-1, groupId=dynamic-consumer] Request joining group due to: rebalance failed due to 'The group member needs to have a valid member id before actually entering a consumer group.' (MemberIdRequiredException)
2024-03-29T15:31:58.347+05:30  INFO 24980 --- [kafkaconsumer] [Thread-1] o.a.k.c.c.internals.ConsumerCoordinator  : [Consumer clientId=consumer-dynamic-consumer-1, groupId=dynamic-consumer] (Re-)joining group
2024-03-29T15:31:58.406+05:30  INFO 24980 --- [kafkaconsumer] [Thread-1] o.a.k.c.c.internals.ConsumerCoordinator  : [Consumer clientId=consumer-dynamic-consumer-1, groupId=dynamic-consumer] Successfully joined group with generation Generation{generationId=178, memberId='consumer-dynamic-consumer-1-e24debb7-d345-406a-b634-c9a020cd1219', protocol='range'}
2024-03-29T15:31:58.414+05:30  INFO 24980 --- [kafkaconsumer] [Thread-1] o.a.k.c.c.internals.ConsumerCoordinator  : [Consumer clientId=consumer-dynamic-consumer-1, groupId=dynamic-consumer] Finished assignment for group at generation 178: {consumer-dynamic-consumer-1-e24debb7-d345-406a-b634-c9a020cd1219=Assignment(partitions=[abc-0])}
2024-03-29T15:31:58.478+05:30  INFO 24980 --- [kafkaconsumer] [Thread-1] o.a.k.c.c.internals.ConsumerCoordinator  : [Consumer clientId=consumer-dynamic-consumer-1, groupId=dynamic-consumer] Successfully synced group in generation Generation{generationId=178, memberId='consumer-dynamic-consumer-1-e24debb7-d345-406a-b634-c9a020cd1219', protocol='range'}
2024-03-29T15:31:58.480+05:30  INFO 24980 --- [kafkaconsumer] [Thread-1] o.a.k.c.c.internals.ConsumerCoordinator  : [Consumer clientId=consumer-dynamic-consumer-1, groupId=dynamic-consumer] Notifying assignor about the new Assignment(partitions=[abc-0])
2024-03-29T15:31:58.483+05:30  INFO 24980 --- [kafkaconsumer] [Thread-1] o.a.k.c.c.internals.ConsumerCoordinator  : [Consumer clientId=consumer-dynamic-consumer-1, groupId=dynamic-consumer] Adding newly assigned partitions: abc-0
2024-03-29T15:31:58.528+05:30  INFO 24980 --- [kafkaconsumer] [Thread-1] o.a.k.c.c.internals.ConsumerCoordinator  : [Consumer clientId=consumer-dynamic-consumer-1, groupId=dynamic-consumer] Setting offset for partition abc-0 to the committed offset FetchPosition{offset=330, offsetEpoch=Optional[0], currentLeader=LeaderAndEpoch{leader=Optional[CHINMAY09:9092 (id: 0 rack: null)], epoch=0}}
2024-03-29T15:31:58.771+05:30  INFO 24980 --- [kafkaconsumer] [Thread-1] com.zaxxer.hikari.HikariDataSource       : HikariPool-1 - Starting...
2024-03-29T15:31:58.995+05:30  INFO 24980 --- [kafkaconsumer] [Thread-1] com.zaxxer.hikari.pool.HikariPool        : HikariPool-1 - Added connection org.postgresql.jdbc.PgConnection@575cb0af
2024-03-29T15:31:58.998+05:30  INFO 24980 --- [kafkaconsumer] [Thread-1] com.zaxxer.hikari.HikariDataSource       : HikariPool-1 - Start completed.
2024-03-29T15:31:59.041+05:30  INFO 24980 --- [kafkaconsumer] [Thread-1] c.k.k.Db.DynamicTableService             : table_abc already exists............
2024-03-29T15:31:59.041+05:30  INFO 24980 --- [kafkaconsumer] [Thread-1] c.k.k.Db.DynamicTableService             : Inserting Data......
2024-03-29T15:31:59.054+05:30  INFO 24980 --- [kafkaconsumer] [Thread-1] c.k.k.Db.DynamicTableService             : Inserting Data Done......
2024-03-29T15:31:59.054+05:30  INFO 24980 --- [kafkaconsumer] [Thread-1] c.k.k.Service.KafkaConsumerService       : Received message from topic = abc: value={
  "state" : "Odisha",
  "placedetails" : "Famous beach with a spiritual touch, known for the Jagannath Temple",
  "stateid" : "OD",
  "placeName" : "Puri Beach",
  "placeId" : "1",
  "searchId" : "f26bd237-9f90-4f61-8715-06c8bc06341e"
}
2024-03-29T15:31:59.057+05:30  INFO 24980 --- [kafkaconsumer] [Thread-1] c.k.k.Db.DynamicTableService             : table_abc already exists............
2024-03-29T15:31:59.057+05:30  INFO 24980 --- [kafkaconsumer] [Thread-1] c.k.k.Db.DynamicTableService             : Inserting Data......
2024-03-29T15:31:59.058+05:30  INFO 24980 --- [kafkaconsumer] [Thread-1] c.k.k.Db.DynamicTableService             : Inserting Data Done......
2024-03-29T15:31:59.058+05:30  INFO 24980 --- [kafkaconsumer] [Thread-1] c.k.k.Service.KafkaConsumerService       : Received message from topic = abc: value={
  "state" : "Odisha",
  "placedetails" : "UNESCO World Heritage Site, architectural marvel dedicated to the Sun God",
  "stateid" : "OD",
  "placeName" : "Konark Sun Temple",
  "placeId" : "2",
  "searchId" : "f26bd237-9f90-4f61-8715-06c8bc06341e"
}
2024-03-29T15:31:59.060+05:30  INFO 24980 --- [kafkaconsumer] [Thread-1] c.k.k.Db.DynamicTableService             : table_abc already exists............
2024-03-29T15:31:59.060+05:30  INFO 24980 --- [kafkaconsumer] [Thread-1] c.k.k.Db.DynamicTableService             : Inserting Data......
2024-03-29T15:31:59.063+05:30  INFO 24980 --- [kafkaconsumer] [Thread-1] c.k.k.Db.DynamicTableService             : Inserting Data Done......
2024-03-29T15:31:59.063+05:30  INFO 24980 --- [kafkaconsumer] [Thread-1] c.k.k.Service.KafkaConsumerService       : Received message from topic = abc: value={
  "state" : "Odisha",
  "placedetails" : "Asia largest brackish water lagoon, famous for bird watching",
  "stateid" : "OD",
  "placeName" : "Chilika Lake",
  "placeId" : "3",
  "searchId" : "f26bd237-9f90-4f61-8715-06c8bc06341e"
}
2024-03-29T15:31:59.065+05:30  INFO 24980 --- [kafkaconsumer] [Thread-1] c.k.k.Db.DynamicTableService             : table_abc already exists............
2024-03-29T15:31:59.066+05:30  INFO 24980 --- [kafkaconsumer] [Thread-1] c.k.k.Db.DynamicTableService             : Inserting Data......
2024-03-29T15:31:59.068+05:30  INFO 24980 --- [kafkaconsumer] [Thread-1] c.k.k.Db.DynamicTableService             : Inserting Data Done......
2024-03-29T15:31:59.069+05:30  INFO 24980 --- [kafkaconsumer] [Thread-1] c.k.k.Service.KafkaConsumerService       : Received message from topic = abc: value={
  "state" : "Odisha",
  "placedetails" : "One of the oldest and largest temples in Bhubaneswar",
  "stateid" : "OD",
  "placeName" : "Lingaraja Temple",
  "placeId" : "4",
  "searchId" : "f26bd237-9f90-4f61-8715-06c8bc06341e"
}
2024-03-29T15:31:59.072+05:30  INFO 24980 --- [kafkaconsumer] [Thread-1] c.k.k.Db.DynamicTableService             : table_abc already exists............
2024-03-29T15:31:59.073+05:30  INFO 24980 --- [kafkaconsumer] [Thread-1] c.k.k.Db.DynamicTableService             : Inserting Data......
2024-03-29T15:31:59.076+05:30  INFO 24980 --- [kafkaconsumer] [Thread-1] c.k.k.Db.DynamicTableService             : Inserting Data Done......
2024-03-29T15:31:59.077+05:30  INFO 24980 --- [kafkaconsumer] [Thread-1] c.k.k.Service.KafkaConsumerService       : Received message from topic = abc: value={
  "state" : "Odisha",
  "placedetails" : "Peace Pagoda built in the Kalinga architectural style",
  "stateid" : "OD",
  "placeName" : "Dhauli Shanti Stupa",
  "placeId" : "5",
  "searchId" : "f26bd237-9f90-4f61-8715-06c8bc06341e"
}
2024-03-29T15:31:59.080+05:30  INFO 24980 --- [kafkaconsumer] [Thread-1] c.k.k.Db.DynamicTableService             : table_abc already exists............
2024-03-29T15:31:59.080+05:30  INFO 24980 --- [kafkaconsumer] [Thread-1] c.k.k.Db.DynamicTableService             : Inserting Data......
2024-03-29T15:31:59.081+05:30  INFO 24980 --- [kafkaconsumer] [Thread-1] c.k.k.Db.DynamicTableService             : Inserting Data Done......
2024-03-29T15:31:59.082+05:30  INFO 24980 --- [kafkaconsumer] [Thread-1] c.k.k.Service.KafkaConsumerService       : Received message from topic = abc: value={
  "state" : "Odisha",
  "placedetails" : "Famous zoo with a white tiger safari and botanical garden",
  "stateid" : "OD",
  "placeName" : "Nandankanan Zoological Park",
  "placeId" : "6",
  "searchId" : "f26bd237-9f90-4f61-8715-06c8bc06341e"
}
2024-03-29T15:31:59.085+05:30  INFO 24980 --- [kafkaconsumer] [Thread-1] c.k.k.Db.DynamicTableService             : table_abc already exists............
2024-03-29T15:31:59.086+05:30  INFO 24980 --- [kafkaconsumer] [Thread-1] c.k.k.Db.DynamicTableService             : Inserting Data......
2024-03-29T15:31:59.088+05:30  INFO 24980 --- [kafkaconsumer] [Thread-1] c.k.k.Db.DynamicTableService             : Inserting Data Done......
2024-03-29T15:31:59.088+05:30  INFO 24980 --- [kafkaconsumer] [Thread-1] c.k.k.Service.KafkaConsumerService       : Received message from topic = abc: value={
  "state" : "Odisha",
  "placedetails" : "Ancient rock-cut caves with Jain and Buddhist influence",
  "stateid" : "OD",
  "placeName" : "Udayagiri and Khandagiri Caves",
  "placeId" : "7",
  "searchId" : "f26bd237-9f90-4f61-8715-06c8bc06341e"
}
2024-03-29T15:31:59.094+05:30  INFO 24980 --- [kafkaconsumer] [Thread-1] c.k.k.Db.DynamicTableService             : table_abc already exists............
2024-03-29T15:31:59.095+05:30  INFO 24980 --- [kafkaconsumer] [Thread-1] c.k.k.Db.DynamicTableService             : Inserting Data......
2024-03-29T15:31:59.096+05:30  INFO 24980 --- [kafkaconsumer] [Thread-1] c.k.k.Db.DynamicTableService             : Inserting Data Done......
2024-03-29T15:31:59.098+05:30  INFO 24980 --- [kafkaconsumer] [Thread-1] c.k.k.Service.KafkaConsumerService       : Received message from topic = abc: value={
  "state" : "Odisha",
  "placedetails" : "Famous for Pattachitra paintings and traditional crafts",
  "stateid" : "OD",
  "placeName" : "Raghurajpur Crafts Village",
  "placeId" : "8",
  "searchId" : "f26bd237-9f90-4f61-8715-06c8bc06341e"
}
2024-03-29T15:31:59.102+05:30  INFO 24980 --- [kafkaconsumer] [Thread-1] c.k.k.Db.DynamicTableService             : table_abc already exists............
2024-03-29T15:31:59.103+05:30  INFO 24980 --- [kafkaconsumer] [Thread-1] c.k.k.Db.DynamicTableService             : Inserting Data......
2024-03-29T15:31:59.108+05:30  INFO 24980 --- [kafkaconsumer] [Thread-1] c.k.k.Db.DynamicTableService             : Inserting Data Done......
2024-03-29T15:31:59.113+05:30  INFO 24980 --- [kafkaconsumer] [Thread-1] c.k.k.Service.KafkaConsumerService       : Received message from topic = abc: value={
  "state" : "Odisha",
  "placedetails" : "Tiger reserve and wildlife sanctuary with lush greenery",
  "stateid" : "OD",
  "placeName" : "Simlipal National Park",
  "placeId" : "9",
  "searchId" : "f26bd237-9f90-4f61-8715-06c8bc06341e"
}
2024-03-29T15:31:59.121+05:30  INFO 24980 --- [kafkaconsumer] [Thread-1] c.k.k.Db.DynamicTableService             : table_abc already exists............
2024-03-29T15:31:59.122+05:30  INFO 24980 --- [kafkaconsumer] [Thread-1] c.k.k.Db.DynamicTableService             : Inserting Data......
2024-03-29T15:31:59.126+05:30  INFO 24980 --- [kafkaconsumer] [Thread-1] c.k.k.Db.DynamicTableService             : Inserting Data Done......
2024-03-29T15:31:59.127+05:30  INFO 24980 --- [kafkaconsumer] [Thread-1] c.k.k.Service.KafkaConsumerService       : Received message from topic = abc: value={
  "state" : "Odisha",
  "placedetails" : "One of the longest dams in the world, built across the Mahanadi River",
  "stateid" : "OD",
  "placeName" : "Hirakud Dam",
  "placeId" : "10",
  "searchId" : "f26bd237-9f90-4f61-8715-06c8bc06341e"
}
2024-03-29T15:31:59.129+05:30  INFO 24980 --- [kafkaconsumer] [Thread-1] c.k.k.Db.DynamicTableService             : table_abc already exists............
2024-03-29T15:31:59.130+05:30  INFO 24980 --- [kafkaconsumer] [Thread-1] c.k.k.Db.DynamicTableService             : Inserting Data......
2024-03-29T15:31:59.144+05:30  INFO 24980 --- [kafkaconsumer] [Thread-1] c.k.k.Db.DynamicTableService             : Inserting Data Done......
2024-03-29T15:31:59.144+05:30  INFO 24980 --- [kafkaconsumer] [Thread-1] c.k.k.Service.KafkaConsumerService       : Received message from topic = abc: value={
  "state" : "Odisha",
  "placedetails" : "A beautiful city",
  "stateid" : "OD",
  "placeName" : "Rairangpur",
  "placeId" : "92",
  "searchId" : "f26bd237-9f90-4f61-8715-06c8bc06341e"
}
2024-03-29T15:31:59.146+05:30  INFO 24980 --- [kafkaconsumer] [Thread-1] c.k.k.Db.DynamicTableService             : table_abc already exists............
2024-03-29T15:31:59.147+05:30  INFO 24980 --- [kafkaconsumer] [Thread-1] c.k.k.Db.DynamicTableService             : Inserting Data......
2024-03-29T15:31:59.149+05:30  INFO 24980 --- [kafkaconsumer] [Thread-1] c.k.k.Db.DynamicTableService             : Inserting Data Done......
2024-03-29T15:31:59.161+05:30  INFO 24980 --- [kafkaconsumer] [Thread-1] c.k.k.Service.KafkaConsumerService       : Received message from topic = abc: value={
  "state" : "Assam",
  "placedetails" : "Home to one-horned rhinoceros",
  "stateid" : "AS",
  "placeName" : "Kaziranga National Park",
  "placeId" : "62",
  "searchId" : "0e43bc44-4995-4e2f-8058-ff7e21686c28"
}
2024-03-29T15:31:59.166+05:30  INFO 24980 --- [kafkaconsumer] [Thread-1] c.k.k.Db.DynamicTableService             : table_abc already exists............
2024-03-29T15:31:59.167+05:30  INFO 24980 --- [kafkaconsumer] [Thread-1] c.k.k.Db.DynamicTableService             : Inserting Data......
2024-03-29T15:31:59.173+05:30  INFO 24980 --- [kafkaconsumer] [Thread-1] c.k.k.Db.DynamicTableService             : Inserting Data Done......
2024-03-29T15:31:59.175+05:30  INFO 24980 --- [kafkaconsumer] [Thread-1] c.k.k.Service.KafkaConsumerService       : Received message from topic = abc: value={
  "state" : "Assam",
  "placedetails" : "Famous for Assam tea production",
  "stateid" : "AS",
  "placeName" : "Assam Tea Gardens",
  "placeId" : "63",
  "searchId" : "0e43bc44-4995-4e2f-8058-ff7e21686c28"
}
2024-03-29T15:31:59.177+05:30  INFO 24980 --- [kafkaconsumer] [Thread-1] c.k.k.Db.DynamicTableService             : table_abc already exists............
2024-03-29T15:31:59.177+05:30  INFO 24980 --- [kafkaconsumer] [Thread-1] c.k.k.Db.DynamicTableService             : Inserting Data......
2024-03-29T15:31:59.179+05:30  INFO 24980 --- [kafkaconsumer] [Thread-1] c.k.k.Db.DynamicTableService             : Inserting Data Done......
2024-03-29T15:31:59.179+05:30  INFO 24980 --- [kafkaconsumer] [Thread-1] c.k.k.Service.KafkaConsumerService       : Received message from topic = abc: value={
  "state" : "Assam",
  "placedetails" : "Hindu temple dedicated to Goddess Kamakhya",
  "stateid" : "AS",
  "placeName" : "Kamakhya Temple",
  "placeId" : "64",
  "searchId" : "0e43bc44-4995-4e2f-8058-ff7e21686c28"
}
2024-03-29T15:31:59.182+05:30  INFO 24980 --- [kafkaconsumer] [Thread-1] c.k.k.Db.DynamicTableService             : table_abc already exists............
2024-03-29T15:31:59.183+05:30  INFO 24980 --- [kafkaconsumer] [Thread-1] c.k.k.Db.DynamicTableService             : Inserting Data......
2024-03-29T15:31:59.186+05:30  INFO 24980 --- [kafkaconsumer] [Thread-1] c.k.k.Db.DynamicTableService             : Inserting Data Done......
2024-03-29T15:31:59.187+05:30  INFO 24980 --- [kafkaconsumer] [Thread-1] c.k.k.Service.KafkaConsumerService       : Received message from topic = abc: value={
  "state" : "Assam",
  "placedetails" : "Home to one-horned rhinoceros",
  "stateid" : "AS",
  "placeName" : "Kaziranga National Park",
  "placeId" : "62",
  "searchId" : "e0932dc6-8769-46e0-b526-ef1bed533aa4"
}
2024-03-29T15:31:59.191+05:30  INFO 24980 --- [kafkaconsumer] [Thread-1] c.k.k.Db.DynamicTableService             : table_abc already exists............
2024-03-29T15:31:59.193+05:30  INFO 24980 --- [kafkaconsumer] [Thread-1] c.k.k.Db.DynamicTableService             : Inserting Data......
2024-03-29T15:31:59.195+05:30  INFO 24980 --- [kafkaconsumer] [Thread-1] c.k.k.Db.DynamicTableService             : Inserting Data Done......
2024-03-29T15:31:59.196+05:30  INFO 24980 --- [kafkaconsumer] [Thread-1] c.k.k.Service.KafkaConsumerService       : Received message from topic = abc: value={
  "state" : "Assam",
  "placedetails" : "Famous for Assam tea production",
  "stateid" : "AS",
  "placeName" : "Assam Tea Gardens",
  "placeId" : "63",
  "searchId" : "e0932dc6-8769-46e0-b526-ef1bed533aa4"
}
2024-03-29T15:31:59.198+05:30  INFO 24980 --- [kafkaconsumer] [Thread-1] c.k.k.Db.DynamicTableService             : table_abc already exists............
2024-03-29T15:31:59.198+05:30  INFO 24980 --- [kafkaconsumer] [Thread-1] c.k.k.Db.DynamicTableService             : Inserting Data......
2024-03-29T15:31:59.200+05:30  INFO 24980 --- [kafkaconsumer] [Thread-1] c.k.k.Db.DynamicTableService             : Inserting Data Done......
2024-03-29T15:31:59.201+05:30  INFO 24980 --- [kafkaconsumer] [Thread-1] c.k.k.Service.KafkaConsumerService       : Received message from topic = abc: value={
  "state" : "Assam",
  "placedetails" : "Hindu temple dedicated to Goddess Kamakhya",
  "stateid" : "AS",
  "placeName" : "Kamakhya Temple",
  "placeId" : "64",
  "searchId" : "e0932dc6-8769-46e0-b526-ef1bed533aa4"
}
2024-03-29T15:32:05.304+05:30  INFO 24980 --- [kafkaconsumer] [SpringApplicationShutdownHook] com.zaxxer.hikari.HikariDataSource       : HikariPool-1 - Shutdown initiated...
2024-03-29T15:32:05.327+05:30  INFO 24980 --- [kafkaconsumer] [SpringApplicationShutdownHook] com.zaxxer.hikari.HikariDataSource       : HikariPool-1 - Shutdown completed.
2024-03-29T15:32:22.439+05:30  INFO 13640 --- [kafkaconsumer] [main] c.k.k.KafkaconsumerApplication           : Starting KafkaconsumerApplication v0.0.1-SNAPSHOT using Java 19.0.2 with PID 13640 (C:\Users\chinm\Downloads\kafkaconsumer\kafkaconsumer\build\libs\kafkaconsumer-0.0.1-SNAPSHOT.jar started by chinm in C:\Users\chinm\Downloads\kafkaconsumer\kafkaconsumer)
2024-03-29T15:32:22.443+05:30  INFO 13640 --- [kafkaconsumer] [main] c.k.k.KafkaconsumerApplication           : The following 1 profile is active: "kafka"
2024-03-29T15:32:23.972+05:30  INFO 13640 --- [kafkaconsumer] [main] o.s.b.w.embedded.tomcat.TomcatWebServer  : Tomcat initialized with port 9999 (http)
2024-03-29T15:32:23.993+05:30  INFO 13640 --- [kafkaconsumer] [main] o.apache.catalina.core.StandardService   : Starting service [Tomcat]
2024-03-29T15:32:23.995+05:30  INFO 13640 --- [kafkaconsumer] [main] o.apache.catalina.core.StandardEngine    : Starting Servlet engine: [Apache Tomcat/10.1.19]
2024-03-29T15:32:24.066+05:30  INFO 13640 --- [kafkaconsumer] [main] o.a.c.c.C.[Tomcat].[localhost].[/]       : Initializing Spring embedded WebApplicationContext
2024-03-29T15:32:24.067+05:30  INFO 13640 --- [kafkaconsumer] [main] w.s.c.ServletWebServerApplicationContext : Root WebApplicationContext: initialization completed in 1487 ms
2024-03-29T15:32:24.847+05:30  INFO 13640 --- [kafkaconsumer] [main] o.s.b.w.embedded.tomcat.TomcatWebServer  : Tomcat started on port 9999 (http) with context path ''
2024-03-29T15:32:24.875+05:30  INFO 13640 --- [kafkaconsumer] [main] c.k.k.KafkaconsumerApplication           : Started KafkaconsumerApplication in 3.187 seconds (process running for 3.82)
2024-03-29T15:32:31.992+05:30  INFO 13640 --- [kafkaconsumer] [http-nio-9999-exec-1] o.a.c.c.C.[Tomcat].[localhost].[/]       : Initializing Spring DispatcherServlet 'dispatcherServlet'
2024-03-29T15:32:31.996+05:30  INFO 13640 --- [kafkaconsumer] [http-nio-9999-exec-1] o.s.web.servlet.DispatcherServlet        : Initializing Servlet 'dispatcherServlet'
2024-03-29T15:32:32.004+05:30  INFO 13640 --- [kafkaconsumer] [http-nio-9999-exec-1] o.s.web.servlet.DispatcherServlet        : Completed initialization in 6 ms
2024-03-29T15:32:32.142+05:30  INFO 13640 --- [kafkaconsumer] [http-nio-9999-exec-1] o.a.k.clients.consumer.ConsumerConfig    : ConsumerConfig values: 
	allow.auto.create.topics = true
	auto.commit.interval.ms = 5000
	auto.include.jmx.reporter = true
	auto.offset.reset = latest
	bootstrap.servers = [localhost:9092]
	check.crcs = true
	client.dns.lookup = use_all_dns_ips
	client.id = consumer-dynamic-consumer-1
	client.rack = 
	connections.max.idle.ms = 540000
	default.api.timeout.ms = 60000
	enable.auto.commit = true
	exclude.internal.topics = true
	fetch.max.bytes = 52428800
	fetch.max.wait.ms = 500
	fetch.min.bytes = 1
	group.id = dynamic-consumer
	group.instance.id = null
	heartbeat.interval.ms = 3000
	interceptor.classes = []
	internal.leave.group.on.close = true
	internal.throw.on.fetch.stable.offset.unsupported = false
	isolation.level = read_uncommitted
	key.deserializer = class org.apache.kafka.common.serialization.StringDeserializer
	max.partition.fetch.bytes = 1048576
	max.poll.interval.ms = 300000
	max.poll.records = 500
	metadata.max.age.ms = 300000
	metric.reporters = []
	metrics.num.samples = 2
	metrics.recording.level = INFO
	metrics.sample.window.ms = 30000
	partition.assignment.strategy = [class org.apache.kafka.clients.consumer.RangeAssignor, class org.apache.kafka.clients.consumer.CooperativeStickyAssignor]
	receive.buffer.bytes = 65536
	reconnect.backoff.max.ms = 1000
	reconnect.backoff.ms = 50
	request.timeout.ms = 30000
	retry.backoff.ms = 100
	sasl.client.callback.handler.class = null
	sasl.jaas.config = null
	sasl.kerberos.kinit.cmd = /usr/bin/kinit
	sasl.kerberos.min.time.before.relogin = 60000
	sasl.kerberos.service.name = null
	sasl.kerberos.ticket.renew.jitter = 0.05
	sasl.kerberos.ticket.renew.window.factor = 0.8
	sasl.login.callback.handler.class = null
	sasl.login.class = null
	sasl.login.connect.timeout.ms = null
	sasl.login.read.timeout.ms = null
	sasl.login.refresh.buffer.seconds = 300
	sasl.login.refresh.min.period.seconds = 60
	sasl.login.refresh.window.factor = 0.8
	sasl.login.refresh.window.jitter = 0.05
	sasl.login.retry.backoff.max.ms = 10000
	sasl.login.retry.backoff.ms = 100
	sasl.mechanism = GSSAPI
	sasl.oauthbearer.clock.skew.seconds = 30
	sasl.oauthbearer.expected.audience = null
	sasl.oauthbearer.expected.issuer = null
	sasl.oauthbearer.jwks.endpoint.refresh.ms = 3600000
	sasl.oauthbearer.jwks.endpoint.retry.backoff.max.ms = 10000
	sasl.oauthbearer.jwks.endpoint.retry.backoff.ms = 100
	sasl.oauthbearer.jwks.endpoint.url = null
	sasl.oauthbearer.scope.claim.name = scope
	sasl.oauthbearer.sub.claim.name = sub
	sasl.oauthbearer.token.endpoint.url = null
	security.protocol = PLAINTEXT
	security.providers = null
	send.buffer.bytes = 131072
	session.timeout.ms = 45000
	socket.connection.setup.timeout.max.ms = 30000
	socket.connection.setup.timeout.ms = 10000
	ssl.cipher.suites = null
	ssl.enabled.protocols = [TLSv1.2, TLSv1.3]
	ssl.endpoint.identification.algorithm = https
	ssl.engine.factory.class = null
	ssl.key.password = null
	ssl.keymanager.algorithm = SunX509
	ssl.keystore.certificate.chain = null
	ssl.keystore.key = null
	ssl.keystore.location = null
	ssl.keystore.password = null
	ssl.keystore.type = JKS
	ssl.protocol = TLSv1.3
	ssl.provider = null
	ssl.secure.random.implementation = null
	ssl.trustmanager.algorithm = PKIX
	ssl.truststore.certificates = null
	ssl.truststore.location = null
	ssl.truststore.password = null
	ssl.truststore.type = JKS
	value.deserializer = class org.apache.kafka.common.serialization.StringDeserializer

2024-03-29T15:32:32.406+05:30  INFO 13640 --- [kafkaconsumer] [http-nio-9999-exec-1] o.a.kafka.common.utils.AppInfoParser     : Kafka version: 3.6.1
2024-03-29T15:32:32.407+05:30  INFO 13640 --- [kafkaconsumer] [http-nio-9999-exec-1] o.a.kafka.common.utils.AppInfoParser     : Kafka commitId: 5e3c2b738d253ff5
2024-03-29T15:32:32.408+05:30  INFO 13640 --- [kafkaconsumer] [http-nio-9999-exec-1] o.a.kafka.common.utils.AppInfoParser     : Kafka startTimeMs: 1711706552405
2024-03-29T15:32:32.410+05:30  INFO 13640 --- [kafkaconsumer] [http-nio-9999-exec-1] o.a.k.clients.consumer.KafkaConsumer     : [Consumer clientId=consumer-dynamic-consumer-1, groupId=dynamic-consumer] Subscribed to topic(s): abc
2024-03-29T15:32:32.411+05:30  INFO 13640 --- [kafkaconsumer] [http-nio-9999-exec-1] c.k.k.Service.KafkaConsumerService       : Kafka consumer started for topic: abc
2024-03-29T15:32:32.804+05:30  INFO 13640 --- [kafkaconsumer] [Thread-1] org.apache.kafka.clients.Metadata        : [Consumer clientId=consumer-dynamic-consumer-1, groupId=dynamic-consumer] Cluster ID: YeWbC3sNTgufM5uKirf0OA
2024-03-29T15:32:32.806+05:30  INFO 13640 --- [kafkaconsumer] [Thread-1] o.a.k.c.c.internals.ConsumerCoordinator  : [Consumer clientId=consumer-dynamic-consumer-1, groupId=dynamic-consumer] Discovered group coordinator CHINMAY09:9092 (id: 2147483647 rack: null)
2024-03-29T15:32:32.814+05:30  INFO 13640 --- [kafkaconsumer] [Thread-1] o.a.k.c.c.internals.ConsumerCoordinator  : [Consumer clientId=consumer-dynamic-consumer-1, groupId=dynamic-consumer] (Re-)joining group
2024-03-29T15:32:32.860+05:30  INFO 13640 --- [kafkaconsumer] [Thread-1] o.a.k.c.c.internals.ConsumerCoordinator  : [Consumer clientId=consumer-dynamic-consumer-1, groupId=dynamic-consumer] Request joining group due to: need to re-join with the given member-id: consumer-dynamic-consumer-1-3f92cd11-1e86-4c8a-ab13-227691806041
2024-03-29T15:32:32.862+05:30  INFO 13640 --- [kafkaconsumer] [Thread-1] o.a.k.c.c.internals.ConsumerCoordinator  : [Consumer clientId=consumer-dynamic-consumer-1, groupId=dynamic-consumer] Request joining group due to: rebalance failed due to 'The group member needs to have a valid member id before actually entering a consumer group.' (MemberIdRequiredException)
2024-03-29T15:32:32.865+05:30  INFO 13640 --- [kafkaconsumer] [Thread-1] o.a.k.c.c.internals.ConsumerCoordinator  : [Consumer clientId=consumer-dynamic-consumer-1, groupId=dynamic-consumer] (Re-)joining group
2024-03-29T15:32:49.446+05:30  INFO 13640 --- [kafkaconsumer] [Thread-1] o.a.k.c.c.internals.ConsumerCoordinator  : [Consumer clientId=consumer-dynamic-consumer-1, groupId=dynamic-consumer] Successfully joined group with generation Generation{generationId=179, memberId='consumer-dynamic-consumer-1-3f92cd11-1e86-4c8a-ab13-227691806041', protocol='range'}
2024-03-29T15:32:49.482+05:30  INFO 13640 --- [kafkaconsumer] [Thread-1] o.a.k.c.c.internals.ConsumerCoordinator  : [Consumer clientId=consumer-dynamic-consumer-1, groupId=dynamic-consumer] Finished assignment for group at generation 179: {consumer-dynamic-consumer-1-3f92cd11-1e86-4c8a-ab13-227691806041=Assignment(partitions=[abc-0])}
2024-03-29T15:32:49.519+05:30  INFO 13640 --- [kafkaconsumer] [Thread-1] o.a.k.c.c.internals.ConsumerCoordinator  : [Consumer clientId=consumer-dynamic-consumer-1, groupId=dynamic-consumer] Successfully synced group in generation Generation{generationId=179, memberId='consumer-dynamic-consumer-1-3f92cd11-1e86-4c8a-ab13-227691806041', protocol='range'}
2024-03-29T15:32:49.522+05:30  INFO 13640 --- [kafkaconsumer] [Thread-1] o.a.k.c.c.internals.ConsumerCoordinator  : [Consumer clientId=consumer-dynamic-consumer-1, groupId=dynamic-consumer] Notifying assignor about the new Assignment(partitions=[abc-0])
2024-03-29T15:32:49.533+05:30  INFO 13640 --- [kafkaconsumer] [Thread-1] o.a.k.c.c.internals.ConsumerCoordinator  : [Consumer clientId=consumer-dynamic-consumer-1, groupId=dynamic-consumer] Adding newly assigned partitions: abc-0
2024-03-29T15:32:49.557+05:30  INFO 13640 --- [kafkaconsumer] [Thread-1] o.a.k.c.c.internals.ConsumerCoordinator  : [Consumer clientId=consumer-dynamic-consumer-1, groupId=dynamic-consumer] Setting offset for partition abc-0 to the committed offset FetchPosition{offset=347, offsetEpoch=Optional[0], currentLeader=LeaderAndEpoch{leader=Optional[CHINMAY09:9092 (id: 0 rack: null)], epoch=0}}
2024-03-29T15:32:49.668+05:30  INFO 13640 --- [kafkaconsumer] [Thread-1] com.zaxxer.hikari.HikariDataSource       : HikariPool-1 - Starting...
2024-03-29T15:32:49.903+05:30  INFO 13640 --- [kafkaconsumer] [Thread-1] com.zaxxer.hikari.pool.HikariPool        : HikariPool-1 - Added connection org.postgresql.jdbc.PgConnection@3a3550b1
2024-03-29T15:32:49.905+05:30  INFO 13640 --- [kafkaconsumer] [Thread-1] com.zaxxer.hikari.HikariDataSource       : HikariPool-1 - Start completed.
2024-03-29T15:32:49.938+05:30  INFO 13640 --- [kafkaconsumer] [Thread-1] c.k.k.Db.DynamicTableService             : table_abc already exists............
2024-03-29T15:32:49.938+05:30  INFO 13640 --- [kafkaconsumer] [Thread-1] c.k.k.Db.DynamicTableService             : Inserting Data......
2024-03-29T15:32:49.944+05:30  INFO 13640 --- [kafkaconsumer] [Thread-1] c.k.k.Db.DynamicTableService             : Inserting Data Done......
2024-03-29T15:32:49.945+05:30  INFO 13640 --- [kafkaconsumer] [Thread-1] c.k.k.Service.KafkaConsumerService       : Received message from topic = abc: value={
  "state" : "Jharkhand",
  "placedetails" : "Highest waterfall in Jharkhand",
  "stateid" : "JH",
  "placeName" : "Hundru Falls",
  "placeId" : "29",
  "searchId" : "10e70ae9-2a3f-4942-8c5b-24a922f3c99c"
}
2024-03-29T15:32:49.948+05:30  INFO 13640 --- [kafkaconsumer] [Thread-1] c.k.k.Db.DynamicTableService             : table_abc already exists............
2024-03-29T15:32:49.949+05:30  INFO 13640 --- [kafkaconsumer] [Thread-1] c.k.k.Db.DynamicTableService             : Inserting Data......
2024-03-29T15:32:49.950+05:30  INFO 13640 --- [kafkaconsumer] [Thread-1] c.k.k.Db.DynamicTableService             : Inserting Data Done......
2024-03-29T15:32:49.950+05:30  INFO 13640 --- [kafkaconsumer] [Thread-1] c.k.k.Service.KafkaConsumerService       : Received message from topic = abc: value={
  "state" : "Jharkhand",
  "placedetails" : "Modern temple in Ranchi",
  "stateid" : "JH",
  "placeName" : "Jagannath Temple, Ranchi",
  "placeId" : "30",
  "searchId" : "10e70ae9-2a3f-4942-8c5b-24a922f3c99c"
}
2024-03-29T15:32:49.954+05:30  INFO 13640 --- [kafkaconsumer] [Thread-1] c.k.k.Db.DynamicTableService             : table_abc already exists............
2024-03-29T15:32:49.955+05:30  INFO 13640 --- [kafkaconsumer] [Thread-1] c.k.k.Db.DynamicTableService             : Inserting Data......
2024-03-29T15:32:49.955+05:30  INFO 13640 --- [kafkaconsumer] [Thread-1] c.k.k.Db.DynamicTableService             : Inserting Data Done......
2024-03-29T15:32:49.956+05:30  INFO 13640 --- [kafkaconsumer] [Thread-1] c.k.k.Service.KafkaConsumerService       : Received message from topic = abc: value={
  "state" : "Jharkhand",
  "placedetails" : "Oldest national park in Jharkhand",
  "stateid" : "JH",
  "placeName" : "Betla National Park",
  "placeId" : "31",
  "searchId" : "10e70ae9-2a3f-4942-8c5b-24a922f3c99c"
}
2024-03-29T15:32:53.520+05:30  INFO 13640 --- [kafkaconsumer] [SpringApplicationShutdownHook] com.zaxxer.hikari.HikariDataSource       : HikariPool-1 - Shutdown initiated...
2024-03-29T15:32:53.536+05:30  INFO 13640 --- [kafkaconsumer] [SpringApplicationShutdownHook] com.zaxxer.hikari.HikariDataSource       : HikariPool-1 - Shutdown completed.
